#
# There is insufficient memory for the Java Runtime Environment to continue.
# Native memory allocation (malloc) failed to allocate 1048576 bytes for AllocateHeap
# Possible reasons:
#   The system is out of physical RAM or swap space
#   The process is running with CompressedOops enabled, and the Java Heap may be blocking the growth of the native heap
# Possible solutions:
#   Reduce memory load on the system
#   Increase physical memory or swap space
#   Check if swap backing store is full
#   Decrease Java heap size (-Xmx/-Xms)
#   Decrease number of Java threads
#   Decrease Java thread stack sizes (-Xss)
#   Set larger code cache with -XX:ReservedCodeCacheSize=
#   JVM is running with Zero Based Compressed Oops mode in which the Java heap is
#     placed in the first 32GB address space. The Java Heap base address is the
#     maximum limit for the native heap growth. Please use -XX:HeapBaseMinAddress
#     to set the Java Heap base and to place the Java Heap above 32GB virtual address.
# This output file may be truncated or incomplete.
#
#  Out of Memory Error (allocation.cpp:44), pid=29084, tid=17708
#
# JRE version:  (16.0.2+7) (build )
# Java VM: Java HotSpot(TM) 64-Bit Server VM (16.0.2+7-67, mixed mode, sharing, tiered, compressed oops, compressed class ptrs, g1 gc, windows-amd64)
# No core dump will be written. Minidumps are not enabled by default on client versions of Windows
#

---------------  S U M M A R Y ------------

Command Line: -Ddebug -XX:TieredStopAtLevel=1 -Xverify:none -Dspring.output.ansi.enabled=always -Dcom.sun.management.jmxremote -Dspring.jmx.enabled=true -Dspring.liveBeansView.mbeanDomain -Dspring.application.admin.enabled=true -javaagent:D:\JetBrains\Toolbox\apps\IDEA-U\ch-0\213.6461.79\lib\idea_rt.jar=55813:D:\JetBrains\Toolbox\apps\IDEA-U\ch-0\213.6461.79\bin -Dfile.encoding=UTF-8 cn.jackuxl.qforum.QForumApplication

Host: Intel(R) Core(TM) i7-10510U CPU @ 1.80GHz, 8 cores, 15G,  Windows 10 , 64 bit Build 22538 (10.0.22538.1000)
Time: Sun Jan 23 15:16:50 2022  Windows 10 , 64 bit Build 22538 (10.0.22538.1000) elapsed time: 0.035090 seconds (0d 0h 0m 0s)

---------------  T H R E A D  ---------------

Current thread (0x000001c5dc924de0):  JavaThread "Unknown thread" [_thread_in_vm, id=17708, stack(0x0000001417400000,0x0000001417500000)]

Stack: [0x0000001417400000,0x0000001417500000]
Native frames: (J=compiled Java code, j=interpreted, Vv=VM code, C=native code)
V  [jvm.dll+0x6681ca]
V  [jvm.dll+0x7c9e69]
V  [jvm.dll+0x7cb61e]
V  [jvm.dll+0x7cbc73]
V  [jvm.dll+0x242c55]
V  [jvm.dll+0xa8732]
V  [jvm.dll+0x2dc6d4]
V  [jvm.dll+0x2d423b]
V  [jvm.dll+0x79c741]
V  [jvm.dll+0x360791]
V  [jvm.dll+0x77a3f0]
V  [jvm.dll+0x3e4e8f]
V  [jvm.dll+0x3e6961]
C  [jli.dll+0x52fb]
C  [ucrtbase.dll+0x293cc]
C  [KERNEL32.DLL+0x11350]
C  [ntdll.dll+0x51e78]


---------------  P R O C E S S  ---------------

Threads class SMR info:
_java_thread_list=0x00007ff847a7cbb8, length=0, elements={
}

Java Threads: ( => current thread )

Other Threads:
  0x000001c5dc975ef0 GCTaskThread "GC Thread#0" [stack: 0x0000001417500000,0x0000001417600000] [id=14196]

[error occurred during error reporting (printing all threads), id 0xc0000005, EXCEPTION_ACCESS_VIOLATION (0xc0000005) at pc=0x00007ff8472513c0]

VM state: not at safepoint (not fully initialized)

VM Mutex/Monitor currently owned by a thread:  ([mutex/lock_event])
[0x000001c5dc922490] Heap_lock - owner thread: 0x000001c5dc924de0

Heap address: 0x0000000702800000, size: 4056 MB, Compressed Oops mode: Zero based, Oop shift amount: 3

CDS archive(s) mapped at: [0x0000000000000000-0x0000000000000000-0x0000000000000000), size 0, SharedBaseAddress: 0x0000000800000000, ArchiveRelocationMode: 0.
Narrow klass base: 0x0000000000000000, Narrow klass shift: 0, Narrow klass range: 0x0

GC Precious Log:
<Empty>

Heap:
 garbage-first heap   total 0K, used 0K [0x0000000702800000, 0x0000000800000000)
  region size 2048K, 0 young (0K), 0 survivors (0K)

[error occurred during error reporting (printing heap information), id 0xc0000005, EXCEPTION_ACCESS_VIOLATION (0xc0000005) at pc=0x00007ff847631eed]

GC Heap History (0 events):
No events

Deoptimization events (0 events):
No events

Classes unloaded (0 events):
No events

Classes redefined (0 events):
No events

Internal exceptions (0 events):
No events

Events (1 events):
Event: 0.028 Loaded shared library D:\Java\jdk-16.0.2\bin\java.dll


Dynamic libraries:
0x00007ff6cb0a0000 - 0x00007ff6cb0b0000 	D:\Java\jdk-16.0.2\bin\java.exe
0x00007ff8b9e20000 - 0x00007ff8ba02f000 	C:\WINDOWS\SYSTEM32\ntdll.dll
0x00007ff8b8dc0000 - 0x00007ff8b8e7d000 	C:\WINDOWS\System32\KERNEL32.DLL
0x00007ff8b73c0000 - 0x00007ff8b7753000 	C:\WINDOWS\System32\KERNELBASE.dll
0x00007ff8b07d0000 - 0x00007ff8b0863000 	C:\WINDOWS\SYSTEM32\apphelp.dll
0x00007ff8b78f0000 - 0x00007ff8b7a01000 	C:\WINDOWS\System32\ucrtbase.dll
0x00007ff8affb0000 - 0x00007ff8affc8000 	D:\Java\jdk-16.0.2\bin\jli.dll
0x00007ff8af590000 - 0x00007ff8af5a9000 	D:\Java\jdk-16.0.2\bin\VCRUNTIME140.dll
0x00007ff8b8050000 - 0x00007ff8b80fe000 	C:\WINDOWS\System32\ADVAPI32.dll
0x00007ff8b98e0000 - 0x00007ff8b9984000 	C:\WINDOWS\System32\msvcrt.dll
0x00007ff8b9030000 - 0x00007ff8b90d5000 	C:\WINDOWS\System32\sechost.dll
0x00007ff8b8820000 - 0x00007ff8b893f000 	C:\WINDOWS\System32\RPCRT4.dll
0x00007ff8b8e80000 - 0x00007ff8b902a000 	C:\WINDOWS\System32\USER32.dll
0x00007ff8b7760000 - 0x00007ff8b7786000 	C:\WINDOWS\System32\win32u.dll
0x00007ff8a3110000 - 0x00007ff8a33b1000 	C:\WINDOWS\WinSxS\amd64_microsoft.windows.common-controls_6595b64144ccf1df_6.0.22538.1000_none_28c1e1652686b6b3\COMCTL32.dll
0x00007ff8b7c70000 - 0x00007ff8b7c99000 	C:\WINDOWS\System32\GDI32.dll
0x00007ff8b7b50000 - 0x00007ff8b7c66000 	C:\WINDOWS\System32\gdi32full.dll
0x00007ff8b72b0000 - 0x00007ff8b734a000 	C:\WINDOWS\System32\msvcp_win.dll
0x00007ff8a9e20000 - 0x00007ff8a9e2a000 	C:\WINDOWS\SYSTEM32\VERSION.dll
0x00007ff8b98a0000 - 0x00007ff8b98d1000 	C:\WINDOWS\System32\IMM32.DLL
0x00007ff8b05e0000 - 0x00007ff8b05ec000 	D:\Java\jdk-16.0.2\bin\vcruntime140_1.dll
0x00007ff8a5580000 - 0x00007ff8a5611000 	D:\Java\jdk-16.0.2\bin\msvcp140.dll
0x00007ff846f70000 - 0x00007ff847b1b000 	D:\Java\jdk-16.0.2\bin\server\jvm.dll
0x00007ff8b8d40000 - 0x00007ff8b8d48000 	C:\WINDOWS\System32\PSAPI.DLL
0x00007ff8a7600000 - 0x00007ff8a7609000 	C:\WINDOWS\SYSTEM32\WSOCK32.dll
0x00007ff8b1490000 - 0x00007ff8b14c4000 	C:\WINDOWS\SYSTEM32\WINMM.dll
0x00007ff8b7f20000 - 0x00007ff8b7f91000 	C:\WINDOWS\System32\WS2_32.dll
0x00007ff8b62d0000 - 0x00007ff8b62e7000 	C:\WINDOWS\SYSTEM32\kernel.appcore.dll
0x00007ff8af570000 - 0x00007ff8af57a000 	D:\Java\jdk-16.0.2\bin\jimage.dll
0x00007ff8b1cf0000 - 0x00007ff8b1f14000 	C:\WINDOWS\SYSTEM32\DBGHELP.DLL
0x00007ff8b99f0000 - 0x00007ff8b9d6c000 	C:\WINDOWS\System32\combase.dll
0x00007ff8b7cc0000 - 0x00007ff8b7d97000 	C:\WINDOWS\System32\OLEAUT32.dll
0x00007ff8a7d90000 - 0x00007ff8a7dc1000 	C:\WINDOWS\SYSTEM32\dbgcore.DLL
0x00007ff8b7ad0000 - 0x00007ff8b7b4b000 	C:\WINDOWS\System32\bcryptPrimitives.dll
0x00007ff8b05f0000 - 0x00007ff8b05fe000 	D:\Java\jdk-16.0.2\bin\instrument.dll
0x00007ff8a69c0000 - 0x00007ff8a69e5000 	D:\Java\jdk-16.0.2\bin\java.dll

dbghelp: loaded successfully - version: 4.0.5 - missing functions: none
symbol engine: initialized successfully - sym options: 0x614 - pdb path: .;D:\Java\jdk-16.0.2\bin;C:\WINDOWS\SYSTEM32;C:\WINDOWS\WinSxS\amd64_microsoft.windows.common-controls_6595b64144ccf1df_6.0.22538.1000_none_28c1e1652686b6b3;D:\Java\jdk-16.0.2\bin\server

VM Arguments:
jvm_args: -Ddebug -XX:TieredStopAtLevel=1 -Xverify:none -Dspring.output.ansi.enabled=always -Dcom.sun.management.jmxremote -Dspring.jmx.enabled=true -Dspring.liveBeansView.mbeanDomain -Dspring.application.admin.enabled=true -javaagent:D:\JetBrains\Toolbox\apps\IDEA-U\ch-0\213.6461.79\lib\idea_rt.jar=55813:D:\JetBrains\Toolbox\apps\IDEA-U\ch-0\213.6461.79\bin -Dfile.encoding=UTF-8 
java_command: cn.jackuxl.qforum.QForumApplication
java_class_path (initial): E:\IdeaProjects\QForum\build\classes\java\main;E:\IdeaProjects\QForum\build\classes\kotlin\main;E:\IdeaProjects\QForum\build\resources\main;C:\Users\JackuXL\.gradle\caches\modules-2\files-2.1\cn.dev33\sa-token-spring-boot-starter\1.28.0\4e72216bf576763bbf137a3c04812931b7a29645\sa-token-spring-boot-starter-1.28.0.jar;C:\Users\JackuXL\.gradle\caches\modules-2\files-2.1\org.springframework.boot\spring-boot-starter-web\2.6.2\685b236afc0144a52383cd2c52731dd016f9badd\spring-boot-starter-web-2.6.2.jar;C:\Users\JackuXL\.gradle\caches\modules-2\files-2.1\com.alibaba\fastjson\1.2.79\ce5e9b7a3c834818fec77e8d9faf7d6b24ad188d\fastjson-1.2.79.jar;C:\Users\JackuXL\.gradle\caches\modules-2\files-2.1\org.mybatis.spring.boot\mybatis-spring-boot-starter\1.3.2\cb6de087ae0d34b23ad0671aacdbcc433d84875f\mybatis-spring-boot-starter-1.3.2.jar;C:\Users\JackuXL\.gradle\caches\modules-2\files-2.1\org.jetbrains.kotlin\kotlin-stdlib-jdk8\1.6.10\e80fe6ac3c3573a80305f5ec43f86b829e8ab53d\kotlin-stdlib-jdk8-1.6.10.jar;C:\Users\JackuXL\.gradle\caches\modules-2\files-2.1\org.jetbrains.kotlin\kotlin-reflect\1.6.0\a215a7f914d5916dc5fd2d45cea16524e0220203\kotlin-reflect-1.6.0.jar;C:\Users\JackuXL\.gradle\caches\modules-2\files-2.1\org.jetbrains.kotlin\kotlin-stdlib\1.5.30\d68efdea04955974ac1020f8f66ef8176bfbce1f\kotlin-stdlib-1.5.30.jar;C:\Users\JackuXL\.gradle\caches\modules-2\files-2.1\org.springframework.boot\spring-boot-starter-data-jpa\2.6.2\3eb637ccd03194f1d639b9efed1ff7d73c8592e3\spring-boot-starter-data-jpa-2.6.2.jar;C:\Users\JackuXL\.gradle\caches\modules-2\files-2.1\com.baomidou\mybatis-plus\3.4.3.4\e1b5276342076669688aba3ada868594329ab5f6\mybatis-plus-3.4.3.4.jar;C:\Users\JackuXL\.gradle\caches\modules-2\files-2.1\cn.dev33\sa-token-servlet\1.28.0\7dc80b353c057e4362070005da7f3dedad90928\sa-token-servlet-1.28.0.jar;C:\Users\JackuXL\.gradle\caches\modules-2\files-2.1\org.springframework.boot\spring-boot-starter-json\2.5.4\6bf89f94c5d2455689d8649a3ead440d05e0c8f7\sprin
Launcher Type: SUN_STANDARD

[Global flags]
     intx CICompilerCount                          = 4                                         {product} {ergonomic}
     uint ConcGCThreads                            = 2                                         {product} {ergonomic}
     uint G1ConcRefinementThreads                  = 8                                         {product} {ergonomic}
   size_t G1HeapRegionSize                         = 2097152                                   {product} {ergonomic}
    uintx GCDrainStackTargetSize                   = 64                                        {product} {ergonomic}
   size_t InitialHeapSize                          = 266338304                                 {product} {ergonomic}
     bool ManagementServer                         = true                                      {product} {command line}
   size_t MarkStackSize                            = 4194304                                   {product} {ergonomic}
   size_t MaxHeapSize                              = 4253024256                                {product} {ergonomic}
   size_t MinHeapDeltaBytes                        = 2097152                                   {product} {ergonomic}
   size_t MinHeapSize                              = 8388608                                   {product} {ergonomic}
    uintx NonNMethodCodeHeapSize                   = 7549744                                {pd product} {ergonomic}
    uintx NonProfiledCodeHeapSize                  = 244108496                              {pd product} {ergonomic}
    uintx ProfiledCodeHeapSize                     = 0                                      {pd product} {ergonomic}
    uintx ReservedCodeCacheSize                    = 251658240                              {pd product} {ergonomic}
     bool SegmentedCodeCache                       = true                                      {product} {ergonomic}
   size_t SoftMaxHeapSize                          = 4253024256                             {manageable} {ergonomic}
     intx TieredStopAtLevel                        = 1                                         {product} {command line}
     bool UseCompressedClassPointers               = true                           {product lp64_product} {ergonomic}
     bool UseCompressedOops                        = true                           {product lp64_product} {ergonomic}
     bool UseG1GC                                  = true                                      {product} {ergonomic}
     bool UseLargePagesIndividualAllocation        = false                                  {pd product} {ergonomic}

Logging:
Log output configuration:
 #0: stdout all=warning uptime,level,tags
 #1: stderr all=off uptime,level,tags

Environment Variables:
PATH=C:\Program Files\PlasticSCM5\server;C:\Program Files\PlasticSCM5\client;C:\Program Files\Common Files\Oracle\Java\javapath;C:\Program Files (x86)\Common Files\Intel\Shared Libraries\redist\intel64\compiler;D:\VMware\VMware Workstation\bin\;C:\WINDOWS\system32;C:\WINDOWS;C:\WINDOWS\System32\Wbem;C:\WINDOWS\System32\WindowsPowerShell\v1.0\;C:\WINDOWS\System32\OpenSSH\;C:\Program Files (x86)\NVIDIA Corporation\PhysX\Common;C:\Program Files\NVIDIA Corporation\NVIDIA NvDLISR;C:\Program Files\dotnet\;C:\Program Files\Microsoft SQL Server\130\Tools\Binn\;C:\Users\JackuXL\AppData\Roaming\vipcode\student\plugins\codeblocks\MinGW\bin;C:\Users\JackuXL\AppData\Roaming\vipcode\student\plugins\codeblocks\MinGW\mingw32\bin;D:\Git\cmd;D:\adb;D:\php\php-8.0.9;D:\scrcpy;D:\mysql-8.0.26-winx64\bin;C:\Program Files\Microsoft SQL Server\140\Tools\Binn\;C:\Program Files\Microsoft SQL Server\Client SDK\ODBC\170\Tools\Binn\;D:\kotlinc\bin;C:\Program Files\Microsoft SQL Server\150\Tools\Binn\;D:\nodejs\;C:\Program Files (x86)\Microsoft SDKs\TypeScript\1.0\;D:\ffmpeg\bin;;C:\WINDOWS\system32;C:\WINDOWS;C:\WINDOWS\System32\Wbem;C:\WINDOWS\System32\WindowsPowerShell\v1.0\;C:\WINDOWS\System32\OpenSSH\;D:\composer;C:\Program Files\MySQL\MySQL Shell 8.0\bin\;C:\Users\JackuXL\AppData\Local\Microsoft\WindowsApps;D:\Microsoft VS Code\bin;C:\Users\JackuXL\.dotnet\tools;D:\Bandizip\;D:\Huawei\DevEco Studio 2.1.0.501\bin;;C:\Users\JackuXL\AppData\Local\GitHubDesktop\bin;C:\Users\JackuXL\AppData\Roaming\npm;D:\Fiddler;C:\Users\JackuXL\AppData\Local\Microsoft\WindowsApps;C:\Users\JackuXL\.dotnet\tools;C:\Users\JackuXL\AppData\Roaming\Composer\vendor\bin
USERNAME=JackuXL
OS=Windows_NT
PROCESSOR_IDENTIFIER=Intel64 Family 6 Model 142 Stepping 12, GenuineIntel



---------------  S Y S T E M  ---------------

OS:
 Windows 10 , 64 bit Build 22538 (10.0.22538.1000)
OS uptime: 2 days 1:25 hours
Hyper-V role detected

CPU: total 8 (initial active 8) (4 cores per cpu, 2 threads per core) family 6 model 142 stepping 12 microcode 0xde, cx8, cmov, fxsr, ht, mmx, 3dnowpref, sse, sse2, sse3, ssse3, sse4.1, sse4.2, popcnt, lzcnt, tsc, tscinvbit, avx, avx2, aes, erms, clmul, bmi1, bmi2, adx, fma, vzeroupper, clflush, clflushopt, hv

Memory: 4k page, system-wide physical 16219M (1163M free)
TotalPageFile size 29019M (AvailPageFile size 5M)
current process WorkingSet (physical memory assigned to process): 12M, peak: 12M
current process commit charge ("private bytes"): 52M, peak: 53M

vm_info: Java HotSpot(TM) 64-Bit Server VM (16.0.2+7-67) for windows-amd64 JRE (16.0.2+7-67), built on Jun  8 2021 23:24:19 by "mach5one" with MS VC++ 16.7 (VS2019)

END.
